Using pre-set license
Built from '2021.3/china_unity/release' branch; Version is '2021.3.18f1c1 (93698379025b) revision 9660803'; Using compiler version '192829333'; Build Type 'Release'
OS: 'Windows 10  (10.0.19045) 64bit CoreCountrySpecific' Language: 'zh' Physical Memory: 32636 MB
BatchMode: 1, IsHumanControllingUs: 0, StartBugReporterOnCrash: 0, Is64bit: 1, IsPro: 1

COMMAND LINE ARGUMENTS:
D:\Avatar\Project\Tool\Unity\Eidition\Unity 2021.3.18f1c1\Editor\Unity.exe
-adb2
-batchMode
-noUpm
-name
AssetImportWorker1
-projectPath
C:/Users/27385/Documents/WeChat Files/wxid_j41sfk4rzg4h22/FileStorage/File/2024-04/A3
-logFile
Logs/AssetImportWorker1.log
-srvPort
56837
Successfully changed project path to: C:/Users/27385/Documents/WeChat Files/wxid_j41sfk4rzg4h22/FileStorage/File/2024-04/A3
C:/Users/27385/Documents/WeChat Files/wxid_j41sfk4rzg4h22/FileStorage/File/2024-04/A3
[UnityMemory] Configuration Parameters - Can be set up in boot.config
    "memorysetup-bucket-allocator-granularity=16"
    "memorysetup-bucket-allocator-bucket-count=8"
    "memorysetup-bucket-allocator-block-size=33554432"
    "memorysetup-bucket-allocator-block-count=8"
    "memorysetup-main-allocator-block-size=16777216"
    "memorysetup-thread-allocator-block-size=16777216"
    "memorysetup-gfx-main-allocator-block-size=16777216"
    "memorysetup-gfx-thread-allocator-block-size=16777216"
    "memorysetup-cache-allocator-block-size=4194304"
    "memorysetup-typetree-allocator-block-size=2097152"
    "memorysetup-profiler-bucket-allocator-granularity=16"
    "memorysetup-profiler-bucket-allocator-bucket-count=8"
    "memorysetup-profiler-bucket-allocator-block-size=33554432"
    "memorysetup-profiler-bucket-allocator-block-count=8"
    "memorysetup-profiler-allocator-block-size=16777216"
    "memorysetup-profiler-editor-allocator-block-size=1048576"
    "memorysetup-temp-allocator-size-main=16777216"
    "memorysetup-job-temp-allocator-block-size=2097152"
    "memorysetup-job-temp-allocator-block-size-background=1048576"
    "memorysetup-job-temp-allocator-reduction-small-platforms=262144"
    "memorysetup-temp-allocator-size-background-worker=32768"
    "memorysetup-temp-allocator-size-job-worker=262144"
    "memorysetup-temp-allocator-size-preload-manager=33554432"
    "memorysetup-temp-allocator-size-nav-mesh-worker=65536"
    "memorysetup-temp-allocator-size-audio-worker=65536"
    "memorysetup-temp-allocator-size-cloud-worker=32768"
    "memorysetup-temp-allocator-size-gi-baking-worker=262144"
    "memorysetup-temp-allocator-size-gfx=262144"
Player connection [22864] Host "[IP] 172.29.28.170 [Port] 0 [Flags] 2 [Guid] 2405699951 [EditorId] 2405699951 [Version] 1048832 [Id] WindowsEditor(7,LAPTOP-O0OSGOD3) [Debug] 1 [PackageName] WindowsEditor [ProjectName] Editor" joined multi-casting on [225.0.0.222:54997]...

Player connection [22864] Host "[IP] 172.29.28.170 [Port] 0 [Flags] 2 [Guid] 2405699951 [EditorId] 2405699951 [Version] 1048832 [Id] WindowsEditor(7,LAPTOP-O0OSGOD3) [Debug] 1 [PackageName] WindowsEditor [ProjectName] Editor" joined alternative multi-casting on [225.0.0.222:34997]...

AS: AutoStreaming module initializing.
Refreshing native plugins compatible for Editor in 92.21 ms, found 3 plugins.
Preloading 0 native plugins for Editor in 0.00 ms.
Initialize engine version: 2021.3.18f1c1 (93698379025b)
[Subsystems] Discovering subsystems at path D:/Avatar/Project/Tool/Unity/Eidition/Unity 2021.3.18f1c1/Editor/Data/Resources/UnitySubsystems
[Subsystems] Discovering subsystems at path C:/Users/27385/Documents/WeChat Files/wxid_j41sfk4rzg4h22/FileStorage/File/2024-04/A3/Assets
GfxDevice: creating device client; threaded=0; jobified=0
Direct3D:
    Version:  Direct3D 11.0 [level 11.1]
    Renderer: NVIDIA GeForce RTX 3060 Laptop GPU (ID=0x2560)
    Vendor:   NVIDIA
    VRAM:     5996 MB
    Driver:   31.0.15.5123
Initialize mono
Mono path[0] = 'D:/Avatar/Project/Tool/Unity/Eidition/Unity 2021.3.18f1c1/Editor/Data/Managed'
Mono path[1] = 'D:/Avatar/Project/Tool/Unity/Eidition/Unity 2021.3.18f1c1/Editor/Data/MonoBleedingEdge/lib/mono/unityjit-win32'
Mono config path = 'D:/Avatar/Project/Tool/Unity/Eidition/Unity 2021.3.18f1c1/Editor/Data/MonoBleedingEdge/etc'
Using monoOptions --debugger-agent=transport=dt_socket,embedding=1,server=y,suspend=n,address=127.0.0.1:56492
Begin MonoManager ReloadAssembly
Registering precompiled unity dll's ...
Register platform support module: D:/Avatar/Project/Tool/Unity/Eidition/Unity 2021.3.18f1c1/Editor/Data/PlaybackEngines/WebGLSupport/UnityEditor.WebGL.Extensions.dll
Register platform support module: D:/Avatar/Project/Tool/Unity/Eidition/Unity 2021.3.18f1c1/Editor/Data/PlaybackEngines/WindowsStandaloneSupport/UnityEditor.WindowsStandalone.Extensions.dll
Registered in 0.009108 seconds.
Native extension for WindowsStandalone target not found
Native extension for WebGL target not found
Refreshing native plugins compatible for Editor in 83.70 ms, found 3 plugins.
Preloading 0 native plugins for Editor in 0.00 ms.
Mono: successfully reloaded assembly
- Completed reload, in  0.759 seconds
Domain Reload Profiling:
	ReloadAssembly (759ms)
		BeginReloadAssembly (112ms)
			ExecutionOrderSort (0ms)
			DisableScriptedObjects (0ms)
			BackupInstance (0ms)
			ReleaseScriptingObjects (0ms)
			CreateAndSetChildDomain (1ms)
		EndReloadAssembly (497ms)
			LoadAssemblies (104ms)
			RebuildTransferFunctionScriptingTraits (0ms)
			SetupTypeCache (113ms)
			ReleaseScriptCaches (0ms)
			RebuildScriptCaches (30ms)
			SetupLoadedEditorAssemblies (279ms)
				LogAssemblyErrors (0ms)
				InitializePlatformSupportModulesInManaged (9ms)
				SetLoadedEditorAssemblies (0ms)
				RefreshPlugins (84ms)
				BeforeProcessingInitializeOnLoad (1ms)
				ProcessInitializeOnLoadAttributes (128ms)
				ProcessInitializeOnLoadMethodAttributes (56ms)
				AfterProcessingInitializeOnLoad (0ms)
				EditorAssembliesLoaded (0ms)
			ExecutionOrderSort2 (0ms)
			AwakeInstancesAfterBackupRestoration (0ms)
Platform modules already initialized, skipping
Registering precompiled user dll's ...
Registered in 0.031239 seconds.
Begin MonoManager ReloadAssembly
Native extension for WindowsStandalone target not found
Native extension for WebGL target not found
Refreshing native plugins compatible for Editor in 0.80 ms, found 3 plugins.
Preloading 0 native plugins for Editor in 0.00 ms.
Mono: successfully reloaded assembly
- Completed reload, in  1.448 seconds
Domain Reload Profiling:
	ReloadAssembly (1449ms)
		BeginReloadAssembly (139ms)
			ExecutionOrderSort (0ms)
			DisableScriptedObjects (5ms)
			BackupInstance (0ms)
			ReleaseScriptingObjects (0ms)
			CreateAndSetChildDomain (21ms)
		EndReloadAssembly (1154ms)
			LoadAssemblies (131ms)
			RebuildTransferFunctionScriptingTraits (0ms)
			SetupTypeCache (278ms)
			ReleaseScriptCaches (1ms)
			RebuildScriptCaches (49ms)
			SetupLoadedEditorAssemblies (634ms)
				LogAssemblyErrors (0ms)
				InitializePlatformSupportModulesInManaged (7ms)
				SetLoadedEditorAssemblies (0ms)
				RefreshPlugins (1ms)
				BeforeProcessingInitializeOnLoad (112ms)
				ProcessInitializeOnLoadAttributes (464ms)
				ProcessInitializeOnLoadMethodAttributes (26ms)
				AfterProcessingInitializeOnLoad (24ms)
				EditorAssembliesLoaded (0ms)
			ExecutionOrderSort2 (0ms)
			AwakeInstancesAfterBackupRestoration (9ms)
Platform modules already initialized, skipping
========================================================================
Worker process is ready to serve import requests
Launched and connected shader compiler UnityShaderCompiler.exe after 0.09 seconds
Refreshing native plugins compatible for Editor in 0.68 ms, found 3 plugins.
Preloading 0 native plugins for Editor in 0.00 ms.
Unloading 3092 Unused Serialized files (Serialized files now loaded: 0)
Unloading 23 unused Assets / (56.6 KB). Loaded Objects now: 3555.
Memory consumption went from 116.3 MB to 116.2 MB.
Total: 5.329100 ms (FindLiveObjects: 0.445000 ms CreateObjectMapping: 0.292100 ms MarkObjects: 4.378000 ms  DeleteObjects: 0.212500 ms)

AssetImportParameters requested are different than current active one (requested -> active):
  custom:video-decoder-ogg-theora: a1e56fd34408186e4bbccfd4996cb3dc -> 
  custom:container-muxer-webm: aa71ff27fc2769a1b78a27578f13a17b -> 
  custom:container-demuxer-webm: 4f35f7cbe854078d1ac9338744f61a02 -> 
  custom:video-encoder-webm-vp8: eb34c28f22e8b96e1ab97ce403110664 -> 
  custom:video-codec-MediaFoundation-h265: 746d11721c4dcdbdad8f713fa42b33f4 -> 
  custom:audio-encoder-webm-vorbis: bf7c407c2cedff20999df2af8eb42d56 -> 
  custom:framework-win-MediaFoundation: 216162199b28c13a410421893ffa2e32 -> 
  custom:container-demuxer-ogg: 62fdf1f143b41e24485cea50d1cbac27 -> 
  custom:video-decoder-webm-vp8: 9c59270c3fd7afecdb556c50c9e8de78 -> 
  custom:audio-decoder-ogg-vorbis: bf7c407c2cedff20999df2af8eb42d56 -> 
========================================================================
Received Import Request.
  Time since last request: 259433.425983 seconds.
  path: Assets/SFX_UI_Click_Organic_Crispy_Pop_Generic_Open_1.wav
  artifactKey: Guid(ddd16025d5ef32249bf91ac485f99fd8) Importer(815301076,1909f56bfc062723c751e8b465ee728b)
Start importing Assets/SFX_UI_Click_Organic_Crispy_Pop_Generic_Open_1.wav using Guid(ddd16025d5ef32249bf91ac485f99fd8) Importer(815301076,1909f56bfc062723c751e8b465ee728b)  -> (artifact id: 'd3b2905e1b964bde70baf705defbe031') in 0.142252 seconds 
========================================================================
Received Import Request.
  Time since last request: 0.000026 seconds.
  path: Assets/bg.jpg
  artifactKey: Guid(dbaadebec17ba19479b137eba78c42ce) Importer(815301076,1909f56bfc062723c751e8b465ee728b)
Start importing Assets/bg.jpg using Guid(dbaadebec17ba19479b137eba78c42ce) Importer(815301076,1909f56bfc062723c751e8b465ee728b)  -> (artifact id: 'c3bc11d8a577d9057c16bb4a428f5cb7') in 0.164889 seconds 
========================================================================
Received Import Request.
  Time since last request: 30.220858 seconds.
  path: Assets/Polygonal Creatures Pack/Polygonal One Eyed Bat/Prefabs/Polygonal One Eyed Bat Purple.prefab
  artifactKey: Guid(9bd27fae71e55344794e37a8f3832bc7) Importer(815301076,1909f56bfc062723c751e8b465ee728b)
Start importing Assets/Polygonal Creatures Pack/Polygonal One Eyed Bat/Prefabs/Polygonal One Eyed Bat Purple.prefab using Guid(9bd27fae71e55344794e37a8f3832bc7) Importer(815301076,1909f56bfc062723c751e8b465ee728b)  -> (artifact id: 'a69bd8d7d3eaea203b69e0898e5344f9') in 0.097461 seconds 
========================================================================
Received Import Request.
  Time since last request: 5.626360 seconds.
  path: Assets/Polygonal Creatures Pack/Polygonal Spiderling Venom/Prefabs/Demo Polygonal Spiderling Venom Magenta.prefab
  artifactKey: Guid(ea072b32e34107e4b825c923be039061) Importer(815301076,1909f56bfc062723c751e8b465ee728b)
Start importing Assets/Polygonal Creatures Pack/Polygonal Spiderling Venom/Prefabs/Demo Polygonal Spiderling Venom Magenta.prefab using Guid(ea072b32e34107e4b825c923be039061) Importer(815301076,1909f56bfc062723c751e8b465ee728b)  -> (artifact id: 'cc4de409cd7aaeac07c9c9c91622a81b') in 0.099571 seconds 
========================================================================
Received Import Request.
  Time since last request: 0.000028 seconds.
  path: Assets/Polygonal Creatures Pack/Polygonal Spiderling Venom/Prefabs/Polygonal Spiderling Venom Red.prefab
  artifactKey: Guid(7e47beabf676999499dd98d50c3ab48e) Importer(815301076,1909f56bfc062723c751e8b465ee728b)
Start importing Assets/Polygonal Creatures Pack/Polygonal Spiderling Venom/Prefabs/Polygonal Spiderling Venom Red.prefab using Guid(7e47beabf676999499dd98d50c3ab48e) Importer(815301076,1909f56bfc062723c751e8b465ee728b)  -> (artifact id: '17d7094e765b2f46d6f6f359ea74cbb7') in 0.096477 seconds 
========================================================================
Received Import Request.
  Time since last request: 0.000026 seconds.
  path: Assets/Polygonal Creatures Pack/Polygonal Spiderling Venom/Prefabs/Demo Polygonal Spiderling Venom Red.prefab
  artifactKey: Guid(4d66f45f4c784a74ea80ee66ca9f9424) Importer(815301076,1909f56bfc062723c751e8b465ee728b)
Start importing Assets/Polygonal Creatures Pack/Polygonal Spiderling Venom/Prefabs/Demo Polygonal Spiderling Venom Red.prefab using Guid(4d66f45f4c784a74ea80ee66ca9f9424) Importer(815301076,1909f56bfc062723c751e8b465ee728b)  -> (artifact id: 'da8d95851b418401c6b0cd5ec3031733') in 0.097546 seconds 
Editor requested this worker to shutdown with reason: Scaling down because of idle timeout
AssetImportWorker is now disconnected from the server
Process exiting
Exiting without the bug reporter. Application will terminate with return code 0